<?xml version="1.0" encoding="UTF-8"?>
<testsuite name="MyAccountPageTest" tests="1" skipped="0" failures="0" errors="0" timestamp="2022-02-10T12:59:48" hostname="DESKTOP-5L7N2A8" time="12.046">
  <properties/>
  <testcase name="Logout_Test" classname="MyAccountPageTest" time="12.046"/>
  <system-out><![CDATA[Error: Username is required.
]]></system-out>
  <system-err><![CDATA[SLF4J: Failed to load class "org.slf4j.impl.StaticLoggerBinder".
SLF4J: Defaulting to no-operation (NOP) logger implementation
SLF4J: See http://www.slf4j.org/codes.html#StaticLoggerBinder for further details.
1644497977454	geckodriver	INFO	Listening on 127.0.0.1:59499
1644497979081	mozrunner::runner	INFO	Running command: "C:\\Program Files\\Mozilla Firefox\\firefox.exe" "--marionette" "--remote-debugging-port" "55380" "-no-remote" "-profile" "C:\\Users\\ib\\AppData\\Local\\Temp\\rust_mozprofile16EQyO"
1644497979423	Marionette	INFO	Marionette enabled
console.warn: SearchSettings: "get: No settings file exists, new profile?" (new NotFoundError("Could not open the file at C:\\Users\\ib\\AppData\\Local\\Temp\\rust_mozprofile16EQyO\\search.json.mozlz4", (void 0)))
DevTools listening on ws://localhost:55380/devtools/browser/370532d1-562b-49ef-bbff-4cc400c3f984
1644497981463	Marionette	INFO	Listening on port 53714
1644497981788	RemoteAgent	WARN	TLS certificate errors will be ignored for this session
févr. 10, 2022 1:59:41 PM org.openqa.selenium.remote.ProtocolHandshake createSession
INFOS: Detected dialect: W3C
JavaScript error: http://pagead2.googlesyndication.com/pagead/js/adsbygoogle.js, line 222: uncaught exception: TagError: adsbygoogle.push() error: No slot size for availableWidth=0
JavaScript error: http://pagead2.googlesyndication.com/pagead/js/adsbygoogle.js, line 222: uncaught exception: TagError: adsbygoogle.push() error: No slot size for availableWidth=0
JavaScript error: http://pagead2.googlesyndication.com/pagead/js/adsbygoogle.js, line 222: uncaught exception: TagError: adsbygoogle.push() error: No slot size for availableWidth=0
JavaScript error: http://pagead2.googlesyndication.com/pagead/js/adsbygoogle.js, line 222: uncaught exception: TagError: adsbygoogle.push() error: No slot size for availableWidth=0
JavaScript error: http://pagead2.googlesyndication.com/pagead/js/adsbygoogle.js, line 222: uncaught exception: TagError: adsbygoogle.push() error: No slot size for availableWidth=0
JavaScript error: http://pagead2.googlesyndication.com/pagead/js/adsbygoogle.js, line 222: uncaught exception: TagError: adsbygoogle.push() error: No slot size for availableWidth=0
JavaScript warning: https://z.moatads.com/havasfrorangedcmdisplay758646212611/moatad.js#moatClientLevel1=27027854&moatClientLevel2=4440622&moatClientLevel3=325079237&moatClientLevel4=165908418&zMoatADV=8364571&zMoatDBMCampID=15702624366&zMoatDBMIOID=25818120&zMoatDBMCreaID=400161026&zMoatDBM_PUB=1, line 248: WEBGL_debug_renderer_info is deprecated in Firefox and will be removed. Please use RENDERER.
JavaScript warning: https://z.moatads.com/havasfrorangedcmdisplay758646212611/moatad.js#moatClientLevel1=27027872&moatClientLevel2=4440622&moatClientLevel3=325153038&moatClientLevel4=165565199&zMoatADV=8364841&zMoatDBMCampID=15702624366&zMoatDBMIOID=25818120&zMoatDBMCreaID=400180151&zMoatDBM_PUB=1, line 248: WEBGL_debug_renderer_info is deprecated in Firefox and will be removed. Please use RENDERER.
JavaScript warning: https://z.moatads.com/havasfrorangedcmdisplay758646212611/moatad.js#moatClientLevel1=27027854&moatClientLevel2=4440622&moatClientLevel3=325079237&moatClientLevel4=165908418&zMoatADV=8364571&zMoatDBMCampID=15702624366&zMoatDBMIOID=25818120&zMoatDBMCreaID=400161026&zMoatDBM_PUB=1, line 248: WEBGL_debug_renderer_info is deprecated in Firefox and will be removed. Please use RENDERER.
JavaScript warning: https://z.moatads.com/havasfrorangedcmdisplay758646212611/moatad.js#moatClientLevel1=27027872&moatClientLevel2=4440622&moatClientLevel3=325153038&moatClientLevel4=165565199&zMoatADV=8364841&zMoatDBMCampID=15702624366&zMoatDBMIOID=25818120&zMoatDBMCreaID=400180151&zMoatDBM_PUB=1, line 248: WEBGL_debug_renderer_info is deprecated in Firefox and will be removed. Please use RENDERER.
JavaScript warning: https://z.moatads.com/havasfrorangedcmdisplay758646212611/moatad.js#moatClientLevel1=27027872&moatClientLevel2=4440622&moatClientLevel3=325153038&moatClientLevel4=165565199&zMoatADV=8364841&zMoatDBMCampID=15702624366&zMoatDBMIOID=25818120&zMoatDBMCreaID=400180151&zMoatDBM_PUB=1, line 248: WEBGL_debug_renderer_info is deprecated in Firefox and will be removed. Please use RENDERER.
1644497988452	Marionette	WARN	Ignoring event 'DOMContentLoaded' because document has an invalid readyState of 'complete'.
1644497988452	Marionette	WARN	Ignoring event 'DOMContentLoaded' because document has an invalid readyState of 'complete'.
1644497988452	Marionette	WARN	Ignoring event 'DOMContentLoaded' because document has an invalid readyState of 'complete'.
1644497988453	Marionette	WARN	Ignoring event 'DOMContentLoaded' because document has an invalid readyState of 'complete'.
1644497988453	Marionette	WARN	Ignoring event 'DOMContentLoaded' because document has an invalid readyState of 'complete'.
JavaScript warning: https://pagead2.googlesyndication.com/bg/4sA8Ua-TyKNj3el8HacmjA-izpCmChALhgIgequxpOM.js line 1 > eval line 6548 > eval line 1 > eval line 1 > eval, line 1: WEBGL_debug_renderer_info is deprecated in Firefox and will be removed. Please use RENDERER.
JavaScript warning: https://pagead2.googlesyndication.com/bg/4sA8Ua-TyKNj3el8HacmjA-izpCmChALhgIgequxpOM.js line 1 > eval line 3784 > eval line 1 > eval line 1 > eval, line 1: WEBGL_debug_renderer_info is deprecated in Firefox and will be removed. Please use RENDERER.
JavaScript warning: https://pagead2.googlesyndication.com/bg/4sA8Ua-TyKNj3el8HacmjA-izpCmChALhgIgequxpOM.js line 1 > eval line 2627 > eval line 1 > eval line 1 > eval, line 1: WEBGL_debug_renderer_info is deprecated in Firefox and will be removed. Please use RENDERER.
JavaScript warning: https://pagead2.googlesyndication.com/bg/4sA8Ua-TyKNj3el8HacmjA-izpCmChALhgIgequxpOM.js line 1 > eval line 3380 > eval line 1 > eval line 1 > eval, line 1: WEBGL_debug_renderer_info is deprecated in Firefox and will be removed. Please use RENDERER.
JavaScript warning: https://pagead2.googlesyndication.com/bg/4sA8Ua-TyKNj3el8HacmjA-izpCmChALhgIgequxpOM.js line 1 > eval line 7752 > eval line 1 > eval line 1 > eval, line 1: WEBGL_debug_renderer_info is deprecated in Firefox and will be removed. Please use RENDERER.
JavaScript error: http://pagead2.googlesyndication.com/pagead/js/adsbygoogle.js, line 222: uncaught exception: TagError: adsbygoogle.push() error: No slot size for availableWidth=0
JavaScript error: http://pagead2.googlesyndication.com/pagead/js/adsbygoogle.js, line 222: uncaught exception: TagError: adsbygoogle.push() error: No slot size for availableWidth=0
JavaScript error: http://pagead2.googlesyndication.com/pagead/js/adsbygoogle.js, line 222: uncaught exception: TagError: adsbygoogle.push() error: No slot size for availableWidth=0
JavaScript error: http://pagead2.googlesyndication.com/pagead/js/adsbygoogle.js, line 222: uncaught exception: TagError: adsbygoogle.push() error: No slot size for availableWidth=0
JavaScript error: http://pagead2.googlesyndication.com/pagead/js/adsbygoogle.js, line 222: uncaught exception: TagError: adsbygoogle.push() error: No slot size for availableWidth=0
JavaScript error: http://pagead2.googlesyndication.com/pagead/js/adsbygoogle.js, line 222: uncaught exception: TagError: adsbygoogle.push() error: No slot size for availableWidth=0
JavaScript warning: https://pagead2.googlesyndication.com/bg/4sA8Ua-TyKNj3el8HacmjA-izpCmChALhgIgequxpOM.js line 1 > eval line 7766 > eval line 1 > eval line 1 > eval, line 1: WEBGL_debug_renderer_info is deprecated in Firefox and will be removed. Please use RENDERER.
JavaScript warning: https://pagead2.googlesyndication.com/bg/4sA8Ua-TyKNj3el8HacmjA-izpCmChALhgIgequxpOM.js line 1 > eval line 4715 > eval line 1 > eval line 1 > eval, line 1: WEBGL_debug_renderer_info is deprecated in Firefox and will be removed. Please use RENDERER.
console.warn: LoginRecipes: "getRecipes: falling back to a synchronous message for:" "http://practice.automationtesting.in"
console.warn: LoginRecipes: "getRecipes: falling back to a synchronous message for:" "http://practice.automationtesting.in"
JavaScript error: resource://gre/modules/LoginManagerParent.jsm, line 136: TypeError: gRecipeManager is null
console.warn: LoginRecipes: "getRecipes: falling back to a synchronous message for:" "http://practice.automationtesting.in"
JavaScript error: resource://gre/modules/LoginManagerParent.jsm, line 136: TypeError: gRecipeManager is null
console.warn: LoginRecipes: "getRecipes: falling back to a synchronous message for:" "http://practice.automationtesting.in"
JavaScript error: resource://gre/modules/LoginManagerParent.jsm, line 136: TypeError: gRecipeManager is null
console.warn: LoginRecipes: "getRecipes: falling back to a synchronous message for:" "http://practice.automationtesting.in"
JavaScript error: resource://gre/modules/LoginManagerParent.jsm, line 136: TypeError: gRecipeManager is null
JavaScript error: , line 0: uncaught exception: undefined
JavaScript warning: https://pagead2.googlesyndication.com/bg/4sA8Ua-TyKNj3el8HacmjA-izpCmChALhgIgequxpOM.js line 1 > eval line 3999 > eval line 1 > eval line 1 > eval, line 1: WEBGL_debug_renderer_info is deprecated in Firefox and will be removed. Please use RENDERER.
JavaScript warning: https://pagead2.googlesyndication.com/bg/4sA8Ua-TyKNj3el8HacmjA-izpCmChALhgIgequxpOM.js line 1 > eval line 663 > eval line 1 > eval line 1 > eval, line 1: WEBGL_debug_renderer_info is deprecated in Firefox and will be removed. Please use RENDERER.
JavaScript error: http://pagead2.googlesyndication.com/pagead/js/adsbygoogle.js, line 222: uncaught exception: TagError: adsbygoogle.push() error: No slot size for availableWidth=0
JavaScript error: http://pagead2.googlesyndication.com/pagead/js/adsbygoogle.js, line 222: uncaught exception: TagError: adsbygoogle.push() error: No slot size for availableWidth=0
JavaScript error: http://pagead2.googlesyndication.com/pagead/js/adsbygoogle.js, line 222: uncaught exception: TagError: adsbygoogle.push() error: No slot size for availableWidth=0
JavaScript error: http://pagead2.googlesyndication.com/pagead/js/adsbygoogle.js, line 222: uncaught exception: TagError: adsbygoogle.push() error: No slot size for availableWidth=0
JavaScript error: http://pagead2.googlesyndication.com/pagead/js/adsbygoogle.js, line 222: uncaught exception: TagError: adsbygoogle.push() error: No slot size for availableWidth=0
JavaScript error: http://pagead2.googlesyndication.com/pagead/js/adsbygoogle.js, line 222: uncaught exception: TagError: adsbygoogle.push() error: No slot size for availableWidth=0
JavaScript warning: https://z.moatads.com/havasfrorangedcmdisplay758646212611/moatad.js#moatClientLevel1=26969747&moatClientLevel2=4440622&moatClientLevel3=323649879&moatClientLevel4=165564411&zMoatADV=8365738&zMoatDBMCampID=15711546850&zMoatDBMIOID=25816118&zMoatDBMCreaID=398161394&zMoatDBM_PUB=1, line 248: WEBGL_debug_renderer_info is deprecated in Firefox and will be removed. Please use RENDERER.
JavaScript warning: https://pagead2.googlesyndication.com/bg/4sA8Ua-TyKNj3el8HacmjA-izpCmChALhgIgequxpOM.js line 1 > eval line 348 > eval line 1 > eval line 1 > eval, line 1: WEBGL_debug_renderer_info is deprecated in Firefox and will be removed. Please use RENDERER.
JavaScript warning: https://z.moatads.com/havasfrorangedcmdisplay758646212611/moatad.js#moatClientLevel1=26969747&moatClientLevel2=4440622&moatClientLevel3=323649879&moatClientLevel4=165564411&zMoatADV=8365738&zMoatDBMCampID=15711546850&zMoatDBMIOID=25816118&zMoatDBMCreaID=398161394&zMoatDBM_PUB=1, line 248: WEBGL_debug_renderer_info is deprecated in Firefox and will be removed. Please use RENDERER.
console.warn: LoginRecipes: "getRecipes: falling back to a synchronous message for:" "http://practice.automationtesting.in"
JavaScript error: resource://gre/modules/LoginManagerParent.jsm, line 136: TypeError: gRecipeManager is null
console.warn: LoginRecipes: "getRecipes: falling back to a synchronous message for:" "http://practice.automationtesting.in"
JavaScript error: resource://gre/modules/LoginManagerParent.jsm, line 136: TypeError: gRecipeManager is null
JavaScript error: , line 0: uncaught exception: undefined
JavaScript warning: https://pagead2.googlesyndication.com/bg/4sA8Ua-TyKNj3el8HacmjA-izpCmChALhgIgequxpOM.js line 1 > eval line 3964 > eval line 1 > eval line 1 > eval, line 1: WEBGL_debug_renderer_info is deprecated in Firefox and will be removed. Please use RENDERER.
JavaScript error: http://pagead2.googlesyndication.com/pagead/js/adsbygoogle.js, line 222: uncaught exception: TagError: adsbygoogle.push() error: No slot size for availableWidth=0
JavaScript error: http://pagead2.googlesyndication.com/pagead/js/adsbygoogle.js, line 222: uncaught exception: TagError: adsbygoogle.push() error: No slot size for availableWidth=0
JavaScript error: http://pagead2.googlesyndication.com/pagead/js/adsbygoogle.js, line 222: uncaught exception: TagError: adsbygoogle.push() error: No slot size for availableWidth=0
JavaScript error: http://pagead2.googlesyndication.com/pagead/js/adsbygoogle.js, line 222: uncaught exception: TagError: adsbygoogle.push() error: No slot size for availableWidth=0
JavaScript error: http://pagead2.googlesyndication.com/pagead/js/adsbygoogle.js, line 222: uncaught exception: TagError: adsbygoogle.push() error: No slot size for availableWidth=0
JavaScript error: http://pagead2.googlesyndication.com/pagead/js/adsbygoogle.js, line 222: uncaught exception: TagError: adsbygoogle.push() error: No slot size for availableWidth=0
JavaScript warning: https://pagead2.googlesyndication.com/bg/4sA8Ua-TyKNj3el8HacmjA-izpCmChALhgIgequxpOM.js line 1 > eval line 1644 > eval line 1 > eval line 1 > eval, line 1: WEBGL_debug_renderer_info is deprecated in Firefox and will be removed. Please use RENDERER.
console.warn: LoginRecipes: "getRecipes: falling back to a synchronous message for:" "http://practice.automationtesting.in"
JavaScript error: resource://gre/modules/LoginManagerParent.jsm, line 136: TypeError: gRecipeManager is null
console.warn: LoginRecipes: "getRecipes: falling back to a synchronous message for:" "http://practice.automationtesting.in"
JavaScript error: resource://gre/modules/LoginManagerParent.jsm, line 136: TypeError: gRecipeManager is null
console.warn: LoginRecipes: "getRecipes: falling back to a synchronous message for:" "http://practice.automationtesting.in"
JavaScript error: resource://gre/modules/LoginManagerParent.jsm, line 136: TypeError: gRecipeManager is null
console.warn: LoginRecipes: "getRecipes: falling back to a synchronous message for:" "http://practice.automationtesting.in"
JavaScript error: resource://gre/modules/LoginManagerParent.jsm, line 136: TypeError: gRecipeManager is null
console.warn: LoginRecipes: "getRecipes: falling back to a synchronous message for:" "http://practice.automationtesting.in"
JavaScript error: resource://gre/modules/LoginManagerParent.jsm, line 136: TypeError: gRecipeManager is null
JavaScript error: , line 0: uncaught exception: 7
JavaScript error: , line 0: uncaught exception: undefined
JavaScript warning: https://pagead2.googlesyndication.com/bg/4sA8Ua-TyKNj3el8HacmjA-izpCmChALhgIgequxpOM.js line 1 > eval line 2888 > eval line 1 > eval line 1 > eval, line 1: WEBGL_debug_renderer_info is deprecated in Firefox and will be removed. Please use RENDERER.
JavaScript error: , line 0: TypeError: NetworkError when attempting to fetch resource.
JavaScript error: http://pagead2.googlesyndication.com/pagead/js/adsbygoogle.js, line 222: uncaught exception: TagError: adsbygoogle.push() error: No slot size for availableWidth=0
JavaScript error: http://pagead2.googlesyndication.com/pagead/js/adsbygoogle.js, line 222: uncaught exception: TagError: adsbygoogle.push() error: No slot size for availableWidth=0
JavaScript error: http://pagead2.googlesyndication.com/pagead/js/adsbygoogle.js, line 222: uncaught exception: TagError: adsbygoogle.push() error: No slot size for availableWidth=0
JavaScript error: http://pagead2.googlesyndication.com/pagead/js/adsbygoogle.js, line 222: uncaught exception: TagError: adsbygoogle.push() error: No slot size for availableWidth=0
JavaScript error: http://pagead2.googlesyndication.com/pagead/js/adsbygoogle.js, line 222: uncaught exception: TagError: adsbygoogle.push() error: No slot size for availableWidth=0
JavaScript error: http://pagead2.googlesyndication.com/pagead/js/adsbygoogle.js, line 222: uncaught exception: TagError: adsbygoogle.push() error: No slot size for availableWidth=0
JavaScript warning: https://pagead2.googlesyndication.com/bg/4sA8Ua-TyKNj3el8HacmjA-izpCmChALhgIgequxpOM.js line 1 > eval line 7623 > eval line 1 > eval line 1 > eval, line 1: WEBGL_debug_renderer_info is deprecated in Firefox and will be removed. Please use RENDERER.
console.warn: LoginRecipes: "getRecipes: falling back to a synchronous message for:" "http://practice.automationtesting.in"
JavaScript error: resource://gre/modules/LoginManagerParent.jsm, line 136: TypeError: gRecipeManager is null
console.warn: LoginRecipes: "getRecipes: falling back to a synchronous message for:" "http://practice.automationtesting.in"
JavaScript error: resource://gre/modules/LoginManagerParent.jsm, line 136: TypeError: gRecipeManager is null
console.warn: LoginRecipes: "getRecipes: falling back to a synchronous message for:" "http://practice.automationtesting.in"
JavaScript error: resource://gre/modules/LoginManagerParent.jsm, line 136: TypeError: gRecipeManager is null
console.warn: LoginRecipes: "getRecipes: falling back to a synchronous message for:" "http://practice.automationtesting.in"
JavaScript error: resource://gre/modules/LoginManagerParent.jsm, line 136: TypeError: gRecipeManager is null
console.warn: LoginRecipes: "getRecipes: falling back to a synchronous message for:" "http://practice.automationtesting.in"
JavaScript error: resource://gre/modules/LoginManagerParent.jsm, line 136: TypeError: gRecipeManager is null
JavaScript error: , line 0: uncaught exception: undefined
JavaScript warning: https://pagead2.googlesyndication.com/bg/4sA8Ua-TyKNj3el8HacmjA-izpCmChALhgIgequxpOM.js line 1 > eval line 2608 > eval line 1 > eval line 1 > eval, line 1: WEBGL_debug_renderer_info is deprecated in Firefox and will be removed. Please use RENDERER.
JavaScript error: , line 0: TypeError: NetworkError when attempting to fetch resource.
JavaScript error: http://pagead2.googlesyndication.com/pagead/js/adsbygoogle.js, line 222: uncaught exception: TagError: adsbygoogle.push() error: No slot size for availableWidth=0
JavaScript error: http://pagead2.googlesyndication.com/pagead/js/adsbygoogle.js, line 222: uncaught exception: TagError: adsbygoogle.push() error: No slot size for availableWidth=0
JavaScript error: http://pagead2.googlesyndication.com/pagead/js/adsbygoogle.js, line 222: uncaught exception: TagError: adsbygoogle.push() error: No slot size for availableWidth=0
JavaScript error: http://pagead2.googlesyndication.com/pagead/js/adsbygoogle.js, line 222: uncaught exception: TagError: adsbygoogle.push() error: No slot size for availableWidth=0
JavaScript error: http://pagead2.googlesyndication.com/pagead/js/adsbygoogle.js, line 222: uncaught exception: TagError: adsbygoogle.push() error: No slot size for availableWidth=0
JavaScript error: http://pagead2.googlesyndication.com/pagead/js/adsbygoogle.js, line 222: uncaught exception: TagError: adsbygoogle.push() error: No slot size for availableWidth=0
JavaScript warning: https://z.moatads.com/havasfrorangedcmdisplay758646212611/moatad.js#moatClientLevel1=26969747&moatClientLevel2=4440622&moatClientLevel3=323649879&moatClientLevel4=165564411&zMoatADV=8365738&zMoatDBMCampID=15711546850&zMoatDBMIOID=25816118&zMoatDBMCreaID=398161394&zMoatDBM_PUB=1, line 248: WEBGL_debug_renderer_info is deprecated in Firefox and will be removed. Please use RENDERER.
]]></system-err>
</testsuite>
