<?xml version="1.0" encoding="UTF-8"?>
<testsuite name="BasketPageTest" tests="1" skipped="0" failures="0" errors="0" timestamp="2022-02-21T18:09:51" hostname="DESKTOP-5L7N2A8" time="7.906">
  <properties/>
  <testcase name="recap_Basket" classname="BasketPageTest" time="7.906"/>
  <system-out><![CDATA[?450.00
?22.50
?472.50
]]></system-out>
  <system-err><![CDATA[SLF4J: Failed to load class "org.slf4j.impl.StaticLoggerBinder".
SLF4J: Defaulting to no-operation (NOP) logger implementation
SLF4J: See http://www.slf4j.org/codes.html#StaticLoggerBinder for further details.
1645466982154	geckodriver	INFO	Listening on 127.0.0.1:59015
1645466983810	mozrunner::runner	INFO	Running command: "C:\\Program Files\\Mozilla Firefox\\firefox.exe" "--marionette" "--remote-debugging-port" "52561" "-no-remote" "-profile" "C:\\Users\\ib\\AppData\\Local\\Temp\\rust_mozprofileclDK9L"
1645466984140	Marionette	INFO	Marionette enabled
console.warn: SearchSettings: "get: No settings file exists, new profile?" (new NotFoundError("Could not open the file at C:\\Users\\ib\\AppData\\Local\\Temp\\rust_mozprofileclDK9L\\search.json.mozlz4", (void 0)))
DevTools listening on ws://localhost:52561/devtools/browser/34c5fa3b-5afe-430e-aee4-40ddabdd8e06
1645466986151	Marionette	INFO	Listening on port 63712
1645466986483	RemoteAgent	WARN	TLS certificate errors will be ignored for this session
févr. 21, 2022 7:09:46 PM org.openqa.selenium.remote.ProtocolHandshake createSession
INFOS: Detected dialect: W3C
JavaScript error: http://pagead2.googlesyndication.com/pagead/js/adsbygoogle.js, line 223: uncaught exception: TagError: adsbygoogle.push() error: No slot size for availableWidth=0
JavaScript error: http://pagead2.googlesyndication.com/pagead/js/adsbygoogle.js, line 223: uncaught exception: TagError: adsbygoogle.push() error: No slot size for availableWidth=0
JavaScript error: http://pagead2.googlesyndication.com/pagead/js/adsbygoogle.js, line 223: uncaught exception: TagError: adsbygoogle.push() error: No slot size for availableWidth=0
JavaScript error: http://pagead2.googlesyndication.com/pagead/js/adsbygoogle.js, line 223: uncaught exception: TagError: adsbygoogle.push() error: No slot size for availableWidth=0
JavaScript error: http://pagead2.googlesyndication.com/pagead/js/adsbygoogle.js, line 223: uncaught exception: TagError: adsbygoogle.push() error: No slot size for availableWidth=0
JavaScript error: http://pagead2.googlesyndication.com/pagead/js/adsbygoogle.js, line 223: uncaught exception: TagError: adsbygoogle.push() error: No slot size for availableWidth=0
JavaScript warning: https://pagead2.googlesyndication.com/bg/amNa6lhdd-Oid2bHU1unpRJ57vx5QG5_ysqcoHUTmoo.js line 1 > eval line 4468 > eval line 1 > eval line 1 > eval, line 1: WEBGL_debug_renderer_info is deprecated in Firefox and will be removed. Please use RENDERER.
JavaScript error: http://pagead2.googlesyndication.com/pagead/js/adsbygoogle.js, line 223: uncaught exception: TagError: adsbygoogle.push() error: No slot size for availableWidth=0
JavaScript error: http://pagead2.googlesyndication.com/pagead/js/adsbygoogle.js, line 223: uncaught exception: TagError: adsbygoogle.push() error: No slot size for availableWidth=0
JavaScript error: http://pagead2.googlesyndication.com/pagead/js/adsbygoogle.js, line 223: uncaught exception: TagError: adsbygoogle.push() error: No slot size for availableWidth=0
JavaScript error: http://pagead2.googlesyndication.com/pagead/js/adsbygoogle.js, line 223: uncaught exception: TagError: adsbygoogle.push() error: No slot size for availableWidth=0
JavaScript error: http://pagead2.googlesyndication.com/pagead/js/adsbygoogle.js, line 223: uncaught exception: TagError: adsbygoogle.push() error: No slot size for availableWidth=0
JavaScript error: http://pagead2.googlesyndication.com/pagead/js/adsbygoogle.js, line 223: uncaught exception: TagError: adsbygoogle.push() error: No slot size for availableWidth=0
1645466993134	Marionette	WARN	Ignoring event 'pageshow' because document has an invalid readyState of 'uninitialized'.
JavaScript warning: https://pagead2.googlesyndication.com/bg/amNa6lhdd-Oid2bHU1unpRJ57vx5QG5_ysqcoHUTmoo.js line 1 > eval line 7359 > eval line 1 > eval line 1 > eval, line 1: WEBGL_debug_renderer_info is deprecated in Firefox and will be removed. Please use RENDERER.
JavaScript error: resource://gre/modules/XULStore.jsm, line 66: Error: Can't find profile directory.
JavaScript error: resource://gre/modules/XULStore.jsm, line 66: Error: Can't find profile directory.
JavaScript error: http://pagead2.googlesyndication.com/pagead/js/adsbygoogle.js, line 223: uncaught exception: TagError: adsbygoogle.push() error: No slot size for availableWidth=0
JavaScript error: http://pagead2.googlesyndication.com/pagead/js/adsbygoogle.js, line 223: uncaught exception: TagError: adsbygoogle.push() error: No slot size for availableWidth=0
JavaScript error: http://pagead2.googlesyndication.com/pagead/js/adsbygoogle.js, line 223: uncaught exception: TagError: adsbygoogle.push() error: No slot size for availableWidth=0
JavaScript error: http://pagead2.googlesyndication.com/pagead/js/adsbygoogle.js, line 223: uncaught exception: TagError: adsbygoogle.push() error: No slot size for availableWidth=0
JavaScript error: http://pagead2.googlesyndication.com/pagead/js/adsbygoogle.js, line 223: uncaught exception: TagError: adsbygoogle.push() error: No slot size for availableWidth=0
JavaScript error: http://pagead2.googlesyndication.com/pagead/js/adsbygoogle.js, line 223: uncaught exception: TagError: adsbygoogle.push() error: No slot size for availableWidth=0
JavaScript warning: https://pagead2.googlesyndication.com/bg/amNa6lhdd-Oid2bHU1unpRJ57vx5QG5_ysqcoHUTmoo.js line 1 > eval line 5113 > eval line 1 > eval line 1 > eval, line 1: WEBGL_debug_renderer_info is deprecated in Firefox and will be removed. Please use RENDERER.
JavaScript error: http://pagead2.googlesyndication.com/pagead/js/adsbygoogle.js, line 223: uncaught exception: TagError: adsbygoogle.push() error: No slot size for availableWidth=0
JavaScript error: http://pagead2.googlesyndication.com/pagead/js/adsbygoogle.js, line 223: uncaught exception: TagError: adsbygoogle.push() error: No slot size for availableWidth=0
JavaScript error: http://pagead2.googlesyndication.com/pagead/js/adsbygoogle.js, line 223: uncaught exception: TagError: adsbygoogle.push() error: No slot size for availableWidth=0
JavaScript error: http://pagead2.googlesyndication.com/pagead/js/adsbygoogle.js, line 223: uncaught exception: TagError: adsbygoogle.push() error: No slot size for availableWidth=0
JavaScript error: http://pagead2.googlesyndication.com/pagead/js/adsbygoogle.js, line 223: uncaught exception: TagError: adsbygoogle.push() error: No slot size for availableWidth=0
JavaScript error: http://pagead2.googlesyndication.com/pagead/js/adsbygoogle.js, line 223: uncaught exception: TagError: adsbygoogle.push() error: No slot size for availableWidth=0
]]></system-err>
</testsuite>
