<?xml version="1.0" encoding="UTF-8"?>
<testsuite name="MyAccountPageTest" tests="1" skipped="0" failures="0" errors="0" timestamp="2022-02-25T10:57:33" hostname="LFR052852" time="13.782">
  <properties/>
  <testcase name="Logout_Test_And_ConexionWithemptymail" classname="MyAccountPageTest" time="13.782"/>
  <system-out><![CDATA[Error: Username is required.
]]></system-out>
  <system-err><![CDATA[SLF4J: Failed to load class "org.slf4j.impl.StaticLoggerBinder".
SLF4J: Defaulting to no-operation (NOP) logger implementation
SLF4J: See http://www.slf4j.org/codes.html#StaticLoggerBinder for further details.
1645786641352	geckodriver	INFO	Listening on 127.0.0.1:53165
1645786642585	mozrunner::runner	INFO	Running command: "C:\\Program Files\\Mozilla Firefox\\firefox.exe" "--marionette" "--remote-debugging-port" "50779" "-no-remote" "-profile" "C:\\Users\\wmachrao\\AppData\\Local\\Temp\\rust_mozprofileZ3ahjU"
1645786643143	Marionette	INFO	Marionette enabled
console.warn: SearchSettings: "get: No settings file exists, new profile?" (new NotFoundError("Could not open the file at C:\\Users\\wmachrao\\AppData\\Local\\Temp\\rust_mozprofileZ3ahjU\\search.json.mozlz4", (void 0)))
DevTools listening on ws://localhost:50779/devtools/browser/391ee87d-043e-442b-8438-67decce12b5b
1645786646535	Marionette	INFO	Listening on port 60995
1645786646833	RemoteAgent	WARN	TLS certificate errors will be ignored for this session
févr. 25, 2022 11:57:26 AM org.openqa.selenium.remote.ProtocolHandshake createSession
INFOS: Detected dialect: W3C
JavaScript error: http://pagead2.googlesyndication.com/pagead/js/adsbygoogle.js, line 221: uncaught exception: TagError: adsbygoogle.push() error: No slot size for availableWidth=0
JavaScript error: http://pagead2.googlesyndication.com/pagead/js/adsbygoogle.js, line 221: uncaught exception: TagError: adsbygoogle.push() error: No slot size for availableWidth=0
JavaScript error: http://pagead2.googlesyndication.com/pagead/js/adsbygoogle.js, line 221: uncaught exception: TagError: adsbygoogle.push() error: No slot size for availableWidth=0
JavaScript error: http://pagead2.googlesyndication.com/pagead/js/adsbygoogle.js, line 221: uncaught exception: TagError: adsbygoogle.push() error: No slot size for availableWidth=0
JavaScript error: http://pagead2.googlesyndication.com/pagead/js/adsbygoogle.js, line 221: uncaught exception: TagError: adsbygoogle.push() error: No slot size for availableWidth=0
JavaScript error: http://pagead2.googlesyndication.com/pagead/js/adsbygoogle.js, line 221: uncaught exception: TagError: adsbygoogle.push() error: No slot size for availableWidth=0
JavaScript warning: https://z.moatads.com/havasfrorangedcmdisplay758646212611/moatad.js#moatClientLevel1=27027854&moatClientLevel2=4440622&moatClientLevel3=325079237&moatClientLevel4=165908418&zMoatADV=8364571&zMoatDBMCampID=15702624366&zMoatDBMIOID=25818120&zMoatDBMCreaID=400161026&zMoatDBM_PUB=1, line 248: WEBGL_debug_renderer_info is deprecated in Firefox and will be removed. Please use RENDERER.
JavaScript warning: https://z.moatads.com/havasfrorangedcmdisplay758646212611/moatad.js#moatClientLevel1=27027872&moatClientLevel2=4440622&moatClientLevel3=325153038&moatClientLevel4=165565199&zMoatADV=8364841&zMoatDBMCampID=15702624366&zMoatDBMIOID=25818120&zMoatDBMCreaID=400180151&zMoatDBM_PUB=1, line 248: WEBGL_debug_renderer_info is deprecated in Firefox and will be removed. Please use RENDERER.
JavaScript warning: https://z.moatads.com/havasfrorangedcmdisplay758646212611/moatad.js#moatClientLevel1=27027872&moatClientLevel2=4440622&moatClientLevel3=325153038&moatClientLevel4=165565199&zMoatADV=8364841&zMoatDBMCampID=15702624366&zMoatDBMIOID=25818120&zMoatDBMCreaID=400180151&zMoatDBM_PUB=1, line 248: WEBGL_debug_renderer_info is deprecated in Firefox and will be removed. Please use RENDERER.
JavaScript warning: https://z.moatads.com/havasfrorangedcmdisplay758646212611/moatad.js#moatClientLevel1=27027854&moatClientLevel2=4440622&moatClientLevel3=325079237&moatClientLevel4=165908418&zMoatADV=8364571&zMoatDBMCampID=15702624366&zMoatDBMIOID=25818120&zMoatDBMCreaID=400161026&zMoatDBM_PUB=1, line 248: WEBGL_debug_renderer_info is deprecated in Firefox and will be removed. Please use RENDERER.
JavaScript warning: https://z.moatads.com/havasfrorangedcmdisplay758646212611/moatad.js#moatClientLevel1=27027854&moatClientLevel2=4440622&moatClientLevel3=325079237&moatClientLevel4=165908418&zMoatADV=8364571&zMoatDBMCampID=15702624366&zMoatDBMIOID=25818120&zMoatDBMCreaID=400161026&zMoatDBM_PUB=1, line 248: WEBGL_debug_renderer_info is deprecated in Firefox and will be removed. Please use RENDERER.
JavaScript warning: https://z.moatads.com/havasfrorangedcmdisplay758646212611/moatad.js#moatClientLevel1=27027872&moatClientLevel2=4440622&moatClientLevel3=325153038&moatClientLevel4=165565199&zMoatADV=8364841&zMoatDBMCampID=15702624366&zMoatDBMIOID=25818120&zMoatDBMCreaID=400180151&zMoatDBM_PUB=1, line 248: WEBGL_debug_renderer_info is deprecated in Firefox and will be removed. Please use RENDERER.
JavaScript warning: https://pagead2.googlesyndication.com/bg/iRu7R9Kt0H3UwF1-zQK7LLgwIl8DaRlhr3qpKTHCDIY.js line 1 > eval line 1136 > eval line 1 > eval line 1 > eval, line 1: WEBGL_debug_renderer_info is deprecated in Firefox and will be removed. Please use RENDERER.
JavaScript warning: https://pagead2.googlesyndication.com/bg/iRu7R9Kt0H3UwF1-zQK7LLgwIl8DaRlhr3qpKTHCDIY.js line 1 > eval line 2061 > eval line 1 > eval line 1 > eval, line 1: WEBGL_debug_renderer_info is deprecated in Firefox and will be removed. Please use RENDERER.
JavaScript warning: https://pagead2.googlesyndication.com/bg/iRu7R9Kt0H3UwF1-zQK7LLgwIl8DaRlhr3qpKTHCDIY.js line 1 > eval line 6018 > eval line 1 > eval line 1 > eval, line 1: WEBGL_debug_renderer_info is deprecated in Firefox and will be removed. Please use RENDERER.
JavaScript error: , line 0: uncaught exception: undefined
JavaScript warning: https://pagead2.googlesyndication.com/bg/iRu7R9Kt0H3UwF1-zQK7LLgwIl8DaRlhr3qpKTHCDIY.js line 1 > eval line 2504 > eval line 1 > eval line 1 > eval, line 1: WEBGL_debug_renderer_info is deprecated in Firefox and will be removed. Please use RENDERER.
JavaScript warning: https://pagead2.googlesyndication.com/bg/iRu7R9Kt0H3UwF1-zQK7LLgwIl8DaRlhr3qpKTHCDIY.js line 1 > eval line 502 > eval line 1 > eval line 1 > eval, line 1: WEBGL_debug_renderer_info is deprecated in Firefox and will be removed. Please use RENDERER.
JavaScript warning: https://pagead2.googlesyndication.com/bg/iRu7R9Kt0H3UwF1-zQK7LLgwIl8DaRlhr3qpKTHCDIY.js line 1 > eval line 7317 > eval line 1 > eval line 1 > eval, line 1: WEBGL_debug_renderer_info is deprecated in Firefox and will be removed. Please use RENDERER.
JavaScript error: http://pagead2.googlesyndication.com/pagead/js/adsbygoogle.js, line 221: uncaught exception: TagError: adsbygoogle.push() error: No slot size for availableWidth=0
JavaScript error: http://pagead2.googlesyndication.com/pagead/js/adsbygoogle.js, line 221: uncaught exception: TagError: adsbygoogle.push() error: No slot size for availableWidth=0
JavaScript error: http://pagead2.googlesyndication.com/pagead/js/adsbygoogle.js, line 221: uncaught exception: TagError: adsbygoogle.push() error: No slot size for availableWidth=0
JavaScript error: http://pagead2.googlesyndication.com/pagead/js/adsbygoogle.js, line 221: uncaught exception: TagError: adsbygoogle.push() error: No slot size for availableWidth=0
JavaScript error: http://pagead2.googlesyndication.com/pagead/js/adsbygoogle.js, line 221: uncaught exception: TagError: adsbygoogle.push() error: No slot size for availableWidth=0
JavaScript error: http://pagead2.googlesyndication.com/pagead/js/adsbygoogle.js, line 221: uncaught exception: TagError: adsbygoogle.push() error: No slot size for availableWidth=0
JavaScript warning: https://z.moatads.com/havasfrorangedcmdisplay758646212611/moatad.js#moatClientLevel1=27027854&moatClientLevel2=4440622&moatClientLevel3=325079237&moatClientLevel4=165908418&zMoatADV=8364571&zMoatDBMCampID=15702624366&zMoatDBMIOID=25818120&zMoatDBMCreaID=400161026&zMoatDBM_PUB=1, line 248: WEBGL_debug_renderer_info is deprecated in Firefox and will be removed. Please use RENDERER.
JavaScript warning: https://z.moatads.com/havasfrorangedcmdisplay758646212611/moatad.js#moatClientLevel1=27027872&moatClientLevel2=4440622&moatClientLevel3=325153038&moatClientLevel4=165565199&zMoatADV=8364841&zMoatDBMCampID=15702624366&zMoatDBMIOID=25818120&zMoatDBMCreaID=400180151&zMoatDBM_PUB=1, line 248: WEBGL_debug_renderer_info is deprecated in Firefox and will be removed. Please use RENDERER.
console.warn: LoginRecipes: "getRecipes: falling back to a synchronous message for:" "http://practice.automationtesting.in"
JavaScript error: resource://gre/modules/LoginManagerParent.jsm, line 136: TypeError: gRecipeManager is null
console.warn: LoginRecipes: "getRecipes: falling back to a synchronous message for:" "http://practice.automationtesting.in"
JavaScript error: resource://gre/modules/LoginManagerParent.jsm, line 136: TypeError: gRecipeManager is null
console.warn: LoginRecipes: "getRecipes: falling back to a synchronous message for:" "http://practice.automationtesting.in"
JavaScript error: resource://gre/modules/LoginManagerParent.jsm, line 136: TypeError: gRecipeManager is null
console.warn: LoginRecipes: "getRecipes: falling back to a synchronous message for:" "http://practice.automationtesting.in"
JavaScript error: resource://gre/modules/LoginManagerParent.jsm, line 136: TypeError: gRecipeManager is null
console.warn: LoginRecipes: "getRecipes: falling back to a synchronous message for:" "http://practice.automationtesting.in"
JavaScript error: resource://gre/modules/LoginManagerParent.jsm, line 136: TypeError: gRecipeManager is null
JavaScript warning: https://pagead2.googlesyndication.com/bg/iRu7R9Kt0H3UwF1-zQK7LLgwIl8DaRlhr3qpKTHCDIY.js line 1 > eval line 1867 > eval line 1 > eval line 1 > eval, line 1: WEBGL_debug_renderer_info is deprecated in Firefox and will be removed. Please use RENDERER.
JavaScript warning: https://pagead2.googlesyndication.com/bg/iRu7R9Kt0H3UwF1-zQK7LLgwIl8DaRlhr3qpKTHCDIY.js line 1 > eval line 2528 > eval line 1 > eval line 1 > eval, line 1: WEBGL_debug_renderer_info is deprecated in Firefox and will be removed. Please use RENDERER.
JavaScript error: , line 0: TypeError: NetworkError when attempting to fetch resource.
JavaScript error: , line 0: TypeError: NetworkError when attempting to fetch resource.
JavaScript error: http://pagead2.googlesyndication.com/pagead/js/adsbygoogle.js, line 221: uncaught exception: TagError: adsbygoogle.push() error: No slot size for availableWidth=0
JavaScript error: http://pagead2.googlesyndication.com/pagead/js/adsbygoogle.js, line 221: uncaught exception: TagError: adsbygoogle.push() error: No slot size for availableWidth=0
JavaScript error: http://pagead2.googlesyndication.com/pagead/js/adsbygoogle.js, line 221: uncaught exception: TagError: adsbygoogle.push() error: No slot size for availableWidth=0
JavaScript error: http://pagead2.googlesyndication.com/pagead/js/adsbygoogle.js, line 221: uncaught exception: TagError: adsbygoogle.push() error: No slot size for availableWidth=0
JavaScript error: http://pagead2.googlesyndication.com/pagead/js/adsbygoogle.js, line 221: uncaught exception: TagError: adsbygoogle.push() error: No slot size for availableWidth=0
JavaScript error: http://pagead2.googlesyndication.com/pagead/js/adsbygoogle.js, line 221: uncaught exception: TagError: adsbygoogle.push() error: No slot size for availableWidth=0
JavaScript warning: https://z.moatads.com/havasfrorangedcmdisplay758646212611/moatad.js#moatClientLevel1=27027872&moatClientLevel2=4440622&moatClientLevel3=325153038&moatClientLevel4=165565199&zMoatADV=8364841&zMoatDBMCampID=15702624366&zMoatDBMIOID=25818120&zMoatDBMCreaID=400180151&zMoatDBM_PUB=1, line 248: WEBGL_debug_renderer_info is deprecated in Firefox and will be removed. Please use RENDERER.
console.warn: LoginRecipes: "getRecipes: falling back to a synchronous message for:" "http://practice.automationtesting.in"
JavaScript error: resource://gre/modules/LoginManagerParent.jsm, line 136: TypeError: gRecipeManager is null
console.warn: LoginRecipes: "getRecipes: falling back to a synchronous message for:" "http://practice.automationtesting.in"
JavaScript error: resource://gre/modules/LoginManagerParent.jsm, line 136: TypeError: gRecipeManager is null
JavaScript warning: https://pagead2.googlesyndication.com/bg/iRu7R9Kt0H3UwF1-zQK7LLgwIl8DaRlhr3qpKTHCDIY.js line 1 > eval line 4643 > eval line 1 > eval line 1 > eval, line 1: WEBGL_debug_renderer_info is deprecated in Firefox and will be removed. Please use RENDERER.
JavaScript error: , line 0: TypeError: NetworkError when attempting to fetch resource.
JavaScript error: , line 0: TypeError: NetworkError when attempting to fetch resource.
JavaScript error: http://pagead2.googlesyndication.com/pagead/js/adsbygoogle.js, line 221: uncaught exception: TagError: adsbygoogle.push() error: No slot size for availableWidth=0
JavaScript error: http://pagead2.googlesyndication.com/pagead/js/adsbygoogle.js, line 221: uncaught exception: TagError: adsbygoogle.push() error: No slot size for availableWidth=0
JavaScript error: http://pagead2.googlesyndication.com/pagead/js/adsbygoogle.js, line 221: uncaught exception: TagError: adsbygoogle.push() error: No slot size for availableWidth=0
JavaScript error: http://pagead2.googlesyndication.com/pagead/js/adsbygoogle.js, line 221: uncaught exception: TagError: adsbygoogle.push() error: No slot size for availableWidth=0
JavaScript error: http://pagead2.googlesyndication.com/pagead/js/adsbygoogle.js, line 221: uncaught exception: TagError: adsbygoogle.push() error: No slot size for availableWidth=0
JavaScript error: http://pagead2.googlesyndication.com/pagead/js/adsbygoogle.js, line 221: uncaught exception: TagError: adsbygoogle.push() error: No slot size for availableWidth=0
JavaScript warning: https://z.moatads.com/havasfrorangedcmdisplay758646212611/moatad.js#moatClientLevel1=27027872&moatClientLevel2=4440622&moatClientLevel3=325153038&moatClientLevel4=165565199&zMoatADV=8364841&zMoatDBMCampID=15702624366&zMoatDBMIOID=25818120&zMoatDBMCreaID=400180151&zMoatDBM_PUB=1, line 248: WEBGL_debug_renderer_info is deprecated in Firefox and will be removed. Please use RENDERER.
JavaScript warning: https://pagead2.googlesyndication.com/bg/iRu7R9Kt0H3UwF1-zQK7LLgwIl8DaRlhr3qpKTHCDIY.js line 1 > eval line 1703 > eval line 1 > eval line 1 > eval, line 1: WEBGL_debug_renderer_info is deprecated in Firefox and will be removed. Please use RENDERER.
JavaScript warning: https://z.moatads.com/havasfrorangedcmdisplay758646212611/moatad.js#moatClientLevel1=27027872&moatClientLevel2=4440622&moatClientLevel3=325153038&moatClientLevel4=165565199&zMoatADV=8364841&zMoatDBMCampID=15702624366&zMoatDBMIOID=25818120&zMoatDBMCreaID=400180151&zMoatDBM_PUB=1, line 248: WEBGL_debug_renderer_info is deprecated in Firefox and will be removed. Please use RENDERER.
console.warn: LoginRecipes: "getRecipes: falling back to a synchronous message for:" "http://practice.automationtesting.in"
JavaScript error: resource://gre/modules/LoginManagerParent.jsm, line 136: TypeError: gRecipeManager is null
console.warn: LoginRecipes: "getRecipes: falling back to a synchronous message for:" "http://practice.automationtesting.in"
JavaScript error: resource://gre/modules/LoginManagerParent.jsm, line 136: TypeError: gRecipeManager is null
console.warn: LoginRecipes: "getRecipes: falling back to a synchronous message for:" "http://practice.automationtesting.in"
JavaScript error: resource://gre/modules/LoginManagerParent.jsm, line 136: TypeError: gRecipeManager is null
console.warn: LoginRecipes: "getRecipes: falling back to a synchronous message for:" "http://practice.automationtesting.in"
JavaScript error: resource://gre/modules/LoginManagerParent.jsm, line 136: TypeError: gRecipeManager is null
console.warn: LoginRecipes: "getRecipes: falling back to a synchronous message for:" "http://practice.automationtesting.in"
JavaScript error: resource://gre/modules/LoginManagerParent.jsm, line 136: TypeError: gRecipeManager is null
JavaScript error: , line 0: uncaught exception: undefined
JavaScript warning: https://pagead2.googlesyndication.com/bg/iRu7R9Kt0H3UwF1-zQK7LLgwIl8DaRlhr3qpKTHCDIY.js line 1 > eval line 3591 > eval line 1 > eval line 1 > eval, line 1: WEBGL_debug_renderer_info is deprecated in Firefox and will be removed. Please use RENDERER.
JavaScript error: , line 0: TypeError: NetworkError when attempting to fetch resource.
JavaScript error: , line 0: TypeError: NetworkError when attempting to fetch resource.
JavaScript error: http://pagead2.googlesyndication.com/pagead/js/adsbygoogle.js, line 221: uncaught exception: TagError: adsbygoogle.push() error: No slot size for availableWidth=0
JavaScript error: http://pagead2.googlesyndication.com/pagead/js/adsbygoogle.js, line 221: uncaught exception: TagError: adsbygoogle.push() error: No slot size for availableWidth=0
JavaScript error: http://pagead2.googlesyndication.com/pagead/js/adsbygoogle.js, line 221: uncaught exception: TagError: adsbygoogle.push() error: No slot size for availableWidth=0
JavaScript error: http://pagead2.googlesyndication.com/pagead/js/adsbygoogle.js, line 221: uncaught exception: TagError: adsbygoogle.push() error: No slot size for availableWidth=0
JavaScript error: http://pagead2.googlesyndication.com/pagead/js/adsbygoogle.js, line 221: uncaught exception: TagError: adsbygoogle.push() error: No slot size for availableWidth=0
JavaScript error: http://pagead2.googlesyndication.com/pagead/js/adsbygoogle.js, line 221: uncaught exception: TagError: adsbygoogle.push() error: No slot size for availableWidth=0
JavaScript warning: https://z.moatads.com/havasfrorangedcmdisplay758646212611/moatad.js#moatClientLevel1=27027872&moatClientLevel2=4440622&moatClientLevel3=325153038&moatClientLevel4=165565199&zMoatADV=8364841&zMoatDBMCampID=15702624366&zMoatDBMIOID=25818120&zMoatDBMCreaID=400180151&zMoatDBM_PUB=1, line 248: WEBGL_debug_renderer_info is deprecated in Firefox and will be removed. Please use RENDERER.
JavaScript warning: https://z.moatads.com/havasfrorangedcmdisplay758646212611/moatad.js#moatClientLevel1=27027872&moatClientLevel2=4440622&moatClientLevel3=325153038&moatClientLevel4=165565199&zMoatADV=8364841&zMoatDBMCampID=15702624366&zMoatDBMIOID=25818120&zMoatDBMCreaID=400180151&zMoatDBM_PUB=1, line 248: WEBGL_debug_renderer_info is deprecated in Firefox and will be removed. Please use RENDERER.
console.warn: LoginRecipes: "getRecipes: falling back to a synchronous message for:" "http://practice.automationtesting.in"
JavaScript error: resource://gre/modules/LoginManagerParent.jsm, line 136: TypeError: gRecipeManager is null
console.warn: LoginRecipes: "getRecipes: falling back to a synchronous message for:" "http://practice.automationtesting.in"
JavaScript error: resource://gre/modules/LoginManagerParent.jsm, line 136: TypeError: gRecipeManager is null
console.warn: LoginRecipes: "getRecipes: falling back to a synchronous message for:" "http://practice.automationtesting.in"
JavaScript error: resource://gre/modules/LoginManagerParent.jsm, line 136: TypeError: gRecipeManager is null
console.warn: LoginRecipes: "getRecipes: falling back to a synchronous message for:" "http://practice.automationtesting.in"
JavaScript error: resource://gre/modules/LoginManagerParent.jsm, line 136: TypeError: gRecipeManager is null
console.warn: LoginRecipes: "getRecipes: falling back to a synchronous message for:" "http://practice.automationtesting.in"
JavaScript error: resource://gre/modules/LoginManagerParent.jsm, line 136: TypeError: gRecipeManager is null
JavaScript warning: https://pagead2.googlesyndication.com/bg/iRu7R9Kt0H3UwF1-zQK7LLgwIl8DaRlhr3qpKTHCDIY.js line 1 > eval line 2576 > eval line 1 > eval line 1 > eval, line 1: WEBGL_debug_renderer_info is deprecated in Firefox and will be removed. Please use RENDERER.
JavaScript warning: https://pagead2.googlesyndication.com/bg/iRu7R9Kt0H3UwF1-zQK7LLgwIl8DaRlhr3qpKTHCDIY.js line 1 > eval line 3223 > eval line 1 > eval line 1 > eval, line 1: WEBGL_debug_renderer_info is deprecated in Firefox and will be removed. Please use RENDERER.
JavaScript error: , line 0: TypeError: NetworkError when attempting to fetch resource.
JavaScript error: , line 0: TypeError: NetworkError when attempting to fetch resource.
JavaScript error: http://pagead2.googlesyndication.com/pagead/js/adsbygoogle.js, line 221: uncaught exception: TagError: adsbygoogle.push() error: No slot size for availableWidth=0
JavaScript error: http://pagead2.googlesyndication.com/pagead/js/adsbygoogle.js, line 221: uncaught exception: TagError: adsbygoogle.push() error: No slot size for availableWidth=0
JavaScript error: http://pagead2.googlesyndication.com/pagead/js/adsbygoogle.js, line 221: uncaught exception: TagError: adsbygoogle.push() error: No slot size for availableWidth=0
JavaScript error: http://pagead2.googlesyndication.com/pagead/js/adsbygoogle.js, line 221: uncaught exception: TagError: adsbygoogle.push() error: No slot size for availableWidth=0
JavaScript error: http://pagead2.googlesyndication.com/pagead/js/adsbygoogle.js, line 221: uncaught exception: TagError: adsbygoogle.push() error: No slot size for availableWidth=0
JavaScript error: http://pagead2.googlesyndication.com/pagead/js/adsbygoogle.js, line 221: uncaught exception: TagError: adsbygoogle.push() error: No slot size for availableWidth=0
JavaScript warning: https://z.moatads.com/havasfrorangedcmdisplay758646212611/moatad.js#moatClientLevel1=27027872&moatClientLevel2=4440622&moatClientLevel3=325153038&moatClientLevel4=165565199&zMoatADV=8364841&zMoatDBMCampID=15702624366&zMoatDBMIOID=25818120&zMoatDBMCreaID=400180151&zMoatDBM_PUB=1, line 248: WEBGL_debug_renderer_info is deprecated in Firefox and will be removed. Please use RENDERER.
JavaScript warning: https://z.moatads.com/havasfrorangedcmdisplay758646212611/moatad.js#moatClientLevel1=27027872&moatClientLevel2=4440622&moatClientLevel3=325153038&moatClientLevel4=165565199&zMoatADV=8364841&zMoatDBMCampID=15702624366&zMoatDBMIOID=25818120&zMoatDBMCreaID=400180151&zMoatDBM_PUB=1, line 248: WEBGL_debug_renderer_info is deprecated in Firefox and will be removed. Please use RENDERER.
]]></system-err>
</testsuite>
